<?xml version="1.0" encoding="UTF-8"?>
<!-- Generated by org.testng.reporters.JUnitReportReporter -->
<testsuite hostname="DESKTOP-G43AE6T" failures="0" tests="2" name="com.automation.BrowserTabHandling" time="16.930" errors="0" timestamp="2022-09-20T15:58:26 BDT" skipped="0">
  <testcase classname="com.automation.BrowserTabHandling" name="openUrl" time="10.896"/>
  <system-out/>
  <testcase classname="com.automation.BrowserTabHandling" name="browserTabSwitch" time="6.034"/>
  <system-out/>
</testsuite> <!-- com.automation.BrowserTabHandling -->
