<?xml version="1.0" encoding="UTF-8"?>
<!-- Generated by org.testng.reporters.JUnitReportReporter -->
<testsuite hostname="DESKTOP-G43AE6T" failures="0" tests="2" name="com.automation.LinksAutomation" time="20.713" errors="0" timestamp="2022-09-20T16:33:45 BDT" skipped="0">
  <testcase classname="com.automation.LinksAutomation" name="openUrl" time="8.446"/>
  <system-out/>
  <testcase classname="com.automation.LinksAutomation" name="allLinksTest" time="12.267"/>
  <system-out/>
</testsuite> <!-- com.automation.LinksAutomation -->
