<?xml version="1.0" encoding="UTF-8"?>
<!-- Generated by org.testng.reporters.JUnitReportReporter -->
<testsuite hostname="DESKTOP-G43AE6T" failures="0" tests="3" name="com.automation.SelectAutomation" time="39.337" errors="0" timestamp="2022-09-16T11:00:09 BDT" skipped="0">
  <testcase classname="com.automation.SelectAutomation" name="openUrl" time="33.077"/>
  <system-out/>
  <testcase classname="com.automation.SelectAutomation" name="selectMenu" time="3.096"/>
  <system-out/>
  <testcase classname="com.automation.SelectAutomation" name="multiSelectMenu" time="3.164"/>
  <system-out/>
</testsuite> <!-- com.automation.SelectAutomation -->
