<?xml version="1.0" encoding="UTF-8"?>
<!-- Generated by org.testng.reporters.JUnitReportReporter -->
<testsuite hostname="DESKTOP-G43AE6T" failures="0" tests="2" name="com.automation.MenuAutomation" time="51.405" errors="0" timestamp="2022-09-17T14:35:04 BDT" skipped="0">
  <testcase classname="com.automation.MenuAutomation" name="openUrl" time="41.934"/>
  <system-out/>
  <testcase classname="com.automation.MenuAutomation" name="Menu" time="9.471"/>
  <system-out/>
</testsuite> <!-- com.automation.MenuAutomation -->
