<?xml version="1.0" encoding="UTF-8"?>
<!-- Generated by org.testng.reporters.JUnitReportReporter -->
<testsuite hostname="DESKTOP-G43AE6T" failures="0" tests="2" name="com.automation.AccordianAutomation" time="10.501" errors="0" timestamp="2022-09-21T12:41:58 BDT" skipped="0">
  <testcase classname="com.automation.AccordianAutomation" name="openUrl" time="7.423"/>
  <system-out/>
  <testcase classname="com.automation.AccordianAutomation" name="accordianSelect" time="3.078"/>
  <system-out/>
</testsuite> <!-- com.automation.AccordianAutomation -->
