<?xml version="1.0" encoding="UTF-8"?>
<!-- Generated by org.testng.reporters.JUnitReportReporter -->
<testsuite hostname="DESKTOP-G43AE6T" failures="0" tests="2" name="com.automation.ModalAutomation" time="14.772" errors="0" timestamp="2022-09-21T12:36:15 BDT" skipped="0">
  <testcase classname="com.automation.ModalAutomation" name="openUrl" time="8.567"/>
  <system-out/>
  <testcase classname="com.automation.ModalAutomation" name="ModalDialouge" time="6.205"/>
  <system-out/>
</testsuite> <!-- com.automation.ModalAutomation -->
