<?xml version="1.0" encoding="UTF-8"?>
<!-- Generated by org.testng.reporters.JUnitReportReporter -->
<testsuite hostname="DESKTOP-G43AE6T" failures="0" tests="2" name="com.automation.ButtonAutomation" time="17.223" errors="0" timestamp="2022-09-20T15:26:12 BDT" skipped="0">
  <testcase classname="com.automation.ButtonAutomation" name="openUrl" time="7.836"/>
  <system-out/>
  <testcase classname="com.automation.ButtonAutomation" name="differentButtonAutomation" time="9.387"/>
  <system-out/>
</testsuite> <!-- com.automation.ButtonAutomation -->
