<?xml version="1.0" encoding="UTF-8"?>
<!-- Generated by org.testng.reporters.JUnitReportReporter -->
<testsuite hostname="DESKTOP-G43AE6T" failures="0" tests="2" name="com.automation.IframeAutomation" time="25.856" errors="0" timestamp="2022-09-17T00:11:11 BDT" skipped="0">
  <testcase classname="com.automation.IframeAutomation" name="openUrl" time="6.806"/>
  <system-out/>
  <testcase classname="com.automation.IframeAutomation" name="iframeMethod" time="19.050"/>
  <system-out/>
</testsuite> <!-- com.automation.IframeAutomation -->
