<?xml version="1.0" encoding="UTF-8"?>
<!-- Generated by org.testng.reporters.JUnitReportReporter -->
<testsuite hostname="DESKTOP-G43AE6T" failures="0" tests="3" name="com.automation.TableAutomation" time="22.548" errors="0" timestamp="2022-09-22T17:17:35 BDT" skipped="0">
  <testcase classname="com.automation.TableAutomation" name="openUrl" time="9.361"/>
  <system-out/>
  <testcase classname="com.automation.TableAutomation" name="getTableSingleData" time="5.127"/>
  <system-out/>
  <testcase classname="com.automation.TableAutomation" name="getTableAllData" time="8.060"/>
  <system-out/>
</testsuite> <!-- com.automation.TableAutomation -->
