<?xml version="1.0" encoding="UTF-8"?>
<!-- Generated by org.testng.reporters.JUnitReportReporter -->
<testsuite hostname="DESKTOP-G43AE6T" failures="0" tests="3" name="com.automation.DatePickerAutomation" time="41.830" errors="0" timestamp="2022-09-21T13:46:47 BDT" skipped="0">
  <testcase classname="com.automation.DatePickerAutomation" name="openUrl" time="7.720"/>
  <system-out/>
  <testcase classname="com.automation.DatePickerAutomation" name="datePicker" time="5.515"/>
  <system-out/>
  <testcase classname="com.automation.DatePickerAutomation" name="dateAndTimePicker" time="28.595"/>
  <system-out/>
</testsuite> <!-- com.automation.DatePickerAutomation -->
