<?xml version="1.0" encoding="UTF-8"?>
<!-- Generated by org.testng.reporters.JUnitReportReporter -->
<testsuite hostname="DESKTOP-G43AE6T" failures="0" tests="2" name="com.automation.RadioButtonAutomation" time="12.374" errors="0" timestamp="2022-09-20T14:57:20 BDT" skipped="0">
  <testcase classname="com.automation.RadioButtonAutomation" name="openUrl" time="8.117"/>
  <system-out/>
  <testcase classname="com.automation.RadioButtonAutomation" name="radioCheck" time="4.257"/>
  <system-out/>
</testsuite> <!-- com.automation.RadioButtonAutomation -->
