<?xml version="1.0" encoding="UTF-8"?>
<!-- Generated by org.testng.reporters.JUnitReportReporter -->
<testsuite hostname="DESKTOP-G43AE6T" failures="0" tests="2" name="com.automation.TitleVerify" time="45.550" errors="0" timestamp="2022-09-17T18:09:38 BDT" skipped="0">
  <testcase classname="com.automation.TitleVerify" name="openUrl" time="45.539"/>
  <system-out/>
  <testcase classname="com.automation.TitleVerify" name="titleVerify" time="0.011"/>
  <system-out/>
</testsuite> <!-- com.automation.TitleVerify -->
