<?xml version="1.0" encoding="UTF-8"?>
<!-- Generated by org.testng.reporters.JUnitReportReporter -->
<testsuite hostname="DESKTOP-G43AE6T" failures="0" tests="2" name="com.automation.TextBoxAutomation" time="23.683" errors="0" timestamp="2022-09-20T14:56:23 BDT" skipped="0">
  <testcase classname="com.automation.TextBoxAutomation" name="openUrl" time="6.154"/>
  <system-out/>
  <testcase classname="com.automation.TextBoxAutomation" name="userForm" time="17.529"/>
  <system-out/>
</testsuite> <!-- com.automation.TextBoxAutomation -->
