<?xml version="1.0" encoding="UTF-8"?>
<!-- Generated by org.testng.reporters.JUnitReportReporter -->
<testsuite hostname="DESKTOP-G43AE6T" failures="0" tests="1" name="tests.AccountCreate" time="27.625" errors="0" timestamp="2022-09-20T12:42:22 BDT" skipped="0">
  <testcase classname="tests.AccountCreate" name="createAnAccount" time="27.625"/>
  <system-out/>
</testsuite> <!-- tests.AccountCreate -->
