<?xml version="1.0" encoding="UTF-8"?>
<!-- Generated by org.testng.reporters.JUnitReportReporter -->
<testsuite hostname="DESKTOP-G43AE6T" failures="0" tests="3" name="com.automation.Menu" time="24.427" errors="0" timestamp="2022-09-05T17:17:23 BDT" skipped="0">
  <testcase classname="com.automation.Menu" name="openUrl" time="9.599"/>
  <system-out/>
  <testcase classname="com.automation.Menu" name="Test" time="6.279"/>
  <system-out/>
  <testcase classname="com.automation.Menu" name="LeftMenu" time="8.549"/>
  <system-out/>
</testsuite> <!-- com.automation.Menu -->
