<?xml version="1.0" encoding="UTF-8"?>
<!-- Generated by org.testng.reporters.JUnitReportReporter -->
<testsuite hostname="DESKTOP-G43AE6T" failures="0" tests="2" name="com.automation.Aarong" time="19.109" errors="0" timestamp="2022-09-04T13:08:03 BDT" skipped="0">
  <testcase classname="com.automation.Aarong" name="openUrl" time="12.053"/>
  <system-out/>
  <testcase classname="com.automation.Aarong" name="Test" time="7.056"/>
  <system-out/>
</testsuite> <!-- com.automation.Aarong -->
