<?xml version="1.0" encoding="UTF-8"?>
<!-- Generated by org.testng.reporters.JUnitReportReporter -->
<testsuite hostname="DESKTOP-G43AE6T" failures="0" tests="3" name="com.automation.Login" time="81.676" errors="0" timestamp="2022-09-12T19:31:18 BDT" skipped="0">
  <testcase classname="com.automation.Login" name="openUrl" time="68.387"/>
  <system-out/>
  <testcase classname="com.automation.Login" name="LoginUrl" time="7.797"/>
  <system-out/>
  <testcase classname="com.automation.Login" name="LoginSubmit" time="5.492"/>
  <system-out/>
</testsuite> <!-- com.automation.Login -->
