<?xml version="1.0" encoding="UTF-8"?>
<!-- Generated by org.testng.reporters.JUnitReportReporter -->
<testsuite hostname="DESKTOP-G43AE6T" failures="0" tests="1" name="com.learningautomation.TestNgLearning.TestNgPractice" time="5.483" errors="0" timestamp="2022-09-12T22:47:07 BDT" skipped="0">
  <testcase classname="com.learningautomation.TestNgLearning.TestNgPractice" name="verifyHomePageTitle" time="5.483"/>
  <system-out/>
</testsuite> <!-- com.learningautomation.TestNgLearning.TestNgPractice -->
