<?xml version="1.0" encoding="UTF-8"?>
<!-- Generated by org.testng.reporters.JUnitReportReporter -->
<testsuite hostname="DESKTOP-G43AE6T" failures="0" tests="2" name="com.learningautomation.TestNgLearning.TestNgAnnotation" time="0.007" errors="0" timestamp="2022-09-12T23:21:39 BDT" skipped="0">
  <testcase classname="com.learningautomation.TestNgLearning.TestNgAnnotation" name="test2" time="0.002"/>
  <system-out/>
  <testcase classname="com.learningautomation.TestNgLearning.TestNgAnnotation" name="test1" time="0.005"/>
  <system-out/>
</testsuite> <!-- com.learningautomation.TestNgLearning.TestNgAnnotation -->
